0 info it worked if it ends with ok
1 verbose cli [ '/usr/bin/node', '/usr/bin/npm', 'i' ]
2 info using npm@3.5.2
3 info using node@v8.10.0
4 silly loadCurrentTree Starting
5 silly install loadCurrentTree
6 silly install readLocalPackageData
7 silly install normalizeTree
8 silly loadCurrentTree Finishing
9 silly loadIdealTree Starting
10 silly install loadIdealTree
11 silly cloneCurrentTree Starting
12 silly install cloneCurrentTreeToIdealTree
13 silly cloneCurrentTree Finishing
14 silly loadShrinkwrap Starting
15 silly install loadShrinkwrap
16 silly loadShrinkwrap Finishing
17 silly loadAllDepsIntoIdealTree Starting
18 silly install loadAllDepsIntoIdealTree
19 silly fetchNamedPackageData @handlebars/allow-prototype-access
20 silly mapToRegistry name @handlebars/allow-prototype-access
21 silly mapToRegistry scope (from package name) @handlebars
22 verbose mapToRegistry no registry URL found in name for scope @handlebars
23 silly mapToRegistry using default registry
24 silly mapToRegistry registry https://registry.npmjs.org/
25 silly mapToRegistry uri https://registry.npmjs.org/@handlebars%2fallow-prototype-access
26 silly fetchNamedPackageData dotenv
27 silly mapToRegistry name dotenv
28 silly mapToRegistry using default registry
29 silly mapToRegistry registry https://registry.npmjs.org/
30 silly mapToRegistry uri https://registry.npmjs.org/dotenv
31 silly fetchNamedPackageData express
32 silly mapToRegistry name express
33 silly mapToRegistry using default registry
34 silly mapToRegistry registry https://registry.npmjs.org/
35 silly mapToRegistry uri https://registry.npmjs.org/express
36 silly fetchNamedPackageData express-handlebars
37 silly mapToRegistry name express-handlebars
38 silly mapToRegistry using default registry
39 silly mapToRegistry registry https://registry.npmjs.org/
40 silly mapToRegistry uri https://registry.npmjs.org/express-handlebars
41 silly fetchNamedPackageData handlebars
42 silly mapToRegistry name handlebars
43 silly mapToRegistry using default registry
44 silly mapToRegistry registry https://registry.npmjs.org/
45 silly mapToRegistry uri https://registry.npmjs.org/handlebars
46 silly fetchNamedPackageData handlebars-dateformat
47 silly mapToRegistry name handlebars-dateformat
48 silly mapToRegistry using default registry
49 silly mapToRegistry registry https://registry.npmjs.org/
50 silly mapToRegistry uri https://registry.npmjs.org/handlebars-dateformat
51 silly fetchNamedPackageData mongoose
52 silly mapToRegistry name mongoose
53 silly mapToRegistry using default registry
54 silly mapToRegistry registry https://registry.npmjs.org/
55 silly mapToRegistry uri https://registry.npmjs.org/mongoose
56 silly fetchNamedPackageData mysql2
57 silly mapToRegistry name mysql2
58 silly mapToRegistry using default registry
59 silly mapToRegistry registry https://registry.npmjs.org/
60 silly mapToRegistry uri https://registry.npmjs.org/mysql2
61 silly fetchNamedPackageData node-emoji
62 silly mapToRegistry name node-emoji
63 silly mapToRegistry using default registry
64 silly mapToRegistry registry https://registry.npmjs.org/
65 silly mapToRegistry uri https://registry.npmjs.org/node-emoji
66 silly fetchNamedPackageData sequelize
67 silly mapToRegistry name sequelize
68 silly mapToRegistry using default registry
69 silly mapToRegistry registry https://registry.npmjs.org/
70 silly mapToRegistry uri https://registry.npmjs.org/sequelize
71 silly fetchNamedPackageData sqlite3
72 silly mapToRegistry name sqlite3
73 silly mapToRegistry using default registry
74 silly mapToRegistry registry https://registry.npmjs.org/
75 silly mapToRegistry uri https://registry.npmjs.org/sqlite3
76 verbose request uri https://registry.npmjs.org/@handlebars%2fallow-prototype-access
77 verbose request no auth needed
78 info attempt registry request try #1 at 10:54:46
79 verbose request id f2d845be2d58d7d7
80 http request GET https://registry.npmjs.org/@handlebars%2fallow-prototype-access
81 verbose request uri https://registry.npmjs.org/dotenv
82 verbose request no auth needed
83 info attempt registry request try #1 at 10:54:46
84 http request GET https://registry.npmjs.org/dotenv
85 verbose request uri https://registry.npmjs.org/express
86 verbose request no auth needed
87 info attempt registry request try #1 at 10:54:46
88 http request GET https://registry.npmjs.org/express
89 verbose request uri https://registry.npmjs.org/express-handlebars
90 verbose request no auth needed
91 info attempt registry request try #1 at 10:54:46
92 http request GET https://registry.npmjs.org/express-handlebars
93 verbose request uri https://registry.npmjs.org/handlebars
94 verbose request no auth needed
95 info attempt registry request try #1 at 10:54:46
96 http request GET https://registry.npmjs.org/handlebars
97 verbose request uri https://registry.npmjs.org/handlebars-dateformat
98 verbose request no auth needed
99 info attempt registry request try #1 at 10:54:46
100 http request GET https://registry.npmjs.org/handlebars-dateformat
101 verbose request uri https://registry.npmjs.org/mongoose
102 verbose request no auth needed
103 info attempt registry request try #1 at 10:54:46
104 http request GET https://registry.npmjs.org/mongoose
105 verbose request uri https://registry.npmjs.org/mysql2
106 verbose request no auth needed
107 info attempt registry request try #1 at 10:54:46
108 http request GET https://registry.npmjs.org/mysql2
109 verbose request uri https://registry.npmjs.org/node-emoji
110 verbose request no auth needed
111 info attempt registry request try #1 at 10:54:46
112 http request GET https://registry.npmjs.org/node-emoji
113 verbose request uri https://registry.npmjs.org/sequelize
114 verbose request no auth needed
115 info attempt registry request try #1 at 10:54:47
116 http request GET https://registry.npmjs.org/sequelize
117 verbose request uri https://registry.npmjs.org/sqlite3
118 verbose request no auth needed
119 info attempt registry request try #1 at 10:54:47
120 http request GET https://registry.npmjs.org/sqlite3
121 http 200 https://registry.npmjs.org/handlebars-dateformat
122 verbose headers { date: 'Sat, 01 Jun 2024 13:54:47 GMT',
122 verbose headers   'content-type': 'application/json',
122 verbose headers   'transfer-encoding': 'chunked',
122 verbose headers   connection: 'keep-alive',
122 verbose headers   'cf-ray': '88cfb2946fe49c0f-EZE',
122 verbose headers   'cf-cache-status': 'HIT',
122 verbose headers   'access-control-allow-origin': '*',
122 verbose headers   age: '115',
122 verbose headers   'cache-control': 'public, max-age=300',
122 verbose headers   etag: 'W/"83e542e4c7cb5f5be0dbd298c72ad01f"',
122 verbose headers   'last-modified': 'Fri, 30 Sep 2022 12:43:03 GMT',
122 verbose headers   vary: 'accept-encoding, accept',
122 verbose headers   server: 'cloudflare',
122 verbose headers   'content-encoding': 'gzip' }
123 silly get cb [ 200,
123 silly get   { date: 'Sat, 01 Jun 2024 13:54:47 GMT',
123 silly get     'content-type': 'application/json',
123 silly get     'transfer-encoding': 'chunked',
123 silly get     connection: 'keep-alive',
123 silly get     'cf-ray': '88cfb2946fe49c0f-EZE',
123 silly get     'cf-cache-status': 'HIT',
123 silly get     'access-control-allow-origin': '*',
123 silly get     age: '115',
123 silly get     'cache-control': 'public, max-age=300',
123 silly get     etag: 'W/"83e542e4c7cb5f5be0dbd298c72ad01f"',
123 silly get     'last-modified': 'Fri, 30 Sep 2022 12:43:03 GMT',
123 silly get     vary: 'accept-encoding, accept',
123 silly get     server: 'cloudflare',
123 silly get     'content-encoding': 'gzip' } ]
124 verbose get saving handlebars-dateformat to /home/server1/.npm/registry.npmjs.org/handlebars-dateformat/.cache.json
125 verbose makeDirectory /home/server1/.npm creation not in flight; initializing
126 silly makeDirectory /home/server1/.npm uid: 1000 gid: 1004
127 silly resolveWithNewModule handlebars-dateformat@1.1.3 checking installable status
128 silly cache add args [ 'handlebars-dateformat@^1.1.3', null ]
129 verbose cache add spec handlebars-dateformat@^1.1.3
130 silly cache add parsed spec Result {
130 silly cache add   raw: 'handlebars-dateformat@^1.1.3',
130 silly cache add   scope: null,
130 silly cache add   name: 'handlebars-dateformat',
130 silly cache add   rawSpec: '^1.1.3',
130 silly cache add   spec: '>=1.1.3 <2.0.0',
130 silly cache add   type: 'range' }
131 silly addNamed handlebars-dateformat@>=1.1.3 <2.0.0
132 verbose addNamed ">=1.1.3 <2.0.0" is a valid semver range for handlebars-dateformat
133 silly addNameRange { name: 'handlebars-dateformat',
133 silly addNameRange   range: '>=1.1.3 <2.0.0',
133 silly addNameRange   hasData: false }
134 silly mapToRegistry name handlebars-dateformat
135 silly mapToRegistry using default registry
136 silly mapToRegistry registry https://registry.npmjs.org/
137 silly mapToRegistry uri https://registry.npmjs.org/handlebars-dateformat
138 verbose addNameRange registry:https://registry.npmjs.org/handlebars-dateformat not in flight; fetching
139 verbose get https://registry.npmjs.org/handlebars-dateformat not expired, no request
140 silly addNameRange number 2 { name: 'handlebars-dateformat',
140 silly addNameRange   range: '>=1.1.3 <2.0.0',
140 silly addNameRange   hasData: true }
141 silly addNameRange versions [ 'handlebars-dateformat',
141 silly addNameRange   [ '1.0.0', '1.0.1', '1.1.0', '1.1.1', '1.1.2', '1.1.3' ] ]
142 silly addNamed handlebars-dateformat@1.1.3
143 verbose addNamed "1.1.3" is a plain semver version for handlebars-dateformat
144 silly mapToRegistry name handlebars-dateformat
145 silly mapToRegistry using default registry
146 silly mapToRegistry registry https://registry.npmjs.org/
147 silly mapToRegistry uri https://registry.npmjs.org/handlebars-dateformat
148 verbose addRemoteTarball https://registry.npmjs.org/handlebars-dateformat/-/handlebars-dateformat-1.1.3.tgz not in flight; adding
149 verbose addRemoteTarball [ 'https://registry.npmjs.org/handlebars-dateformat/-/handlebars-dateformat-1.1.3.tgz',
149 verbose addRemoteTarball   'e1ffbfd33481173bbfb820fa92f5ae009003e187' ]
150 info retry fetch attempt 1 at 10:54:47
151 info attempt registry request try #1 at 10:54:47
152 http fetch GET https://registry.npmjs.org/handlebars-dateformat/-/handlebars-dateformat-1.1.3.tgz
153 http 200 https://registry.npmjs.org/sqlite3
154 verbose headers { date: 'Sat, 01 Jun 2024 13:54:47 GMT',
154 verbose headers   'content-type': 'application/json',
154 verbose headers   'transfer-encoding': 'chunked',
154 verbose headers   connection: 'keep-alive',
154 verbose headers   'cf-ray': '88cfb294b93f0de5-SCL',
154 verbose headers   'cf-cache-status': 'HIT',
154 verbose headers   'access-control-allow-origin': '*',
154 verbose headers   age: '142',
154 verbose headers   'cache-control': 'public, max-age=300',
154 verbose headers   etag: 'W/"b6f4d889c4d64ab8bc9ae7475d3f91c9"',
154 verbose headers   'last-modified': 'Sun, 11 Feb 2024 02:12:26 GMT',
154 verbose headers   vary: 'accept-encoding, accept',
154 verbose headers   server: 'cloudflare',
154 verbose headers   'content-encoding': 'gzip' }
155 silly get cb [ 200,
155 silly get   { date: 'Sat, 01 Jun 2024 13:54:47 GMT',
155 silly get     'content-type': 'application/json',
155 silly get     'transfer-encoding': 'chunked',
155 silly get     connection: 'keep-alive',
155 silly get     'cf-ray': '88cfb294b93f0de5-SCL',
155 silly get     'cf-cache-status': 'HIT',
155 silly get     'access-control-allow-origin': '*',
155 silly get     age: '142',
155 silly get     'cache-control': 'public, max-age=300',
155 silly get     etag: 'W/"b6f4d889c4d64ab8bc9ae7475d3f91c9"',
155 silly get     'last-modified': 'Sun, 11 Feb 2024 02:12:26 GMT',
155 silly get     vary: 'accept-encoding, accept',
155 silly get     server: 'cloudflare',
155 silly get     'content-encoding': 'gzip' } ]
156 verbose get saving sqlite3 to /home/server1/.npm/registry.npmjs.org/sqlite3/.cache.json
157 silly resolveWithNewModule sqlite3@5.1.7 checking installable status
158 silly cache add args [ 'sqlite3@^5.1.6', null ]
159 verbose cache add spec sqlite3@^5.1.6
160 silly cache add parsed spec Result {
160 silly cache add   raw: 'sqlite3@^5.1.6',
160 silly cache add   scope: null,
160 silly cache add   name: 'sqlite3',
160 silly cache add   rawSpec: '^5.1.6',
160 silly cache add   spec: '>=5.1.6 <6.0.0',
160 silly cache add   type: 'range' }
161 silly addNamed sqlite3@>=5.1.6 <6.0.0
162 verbose addNamed ">=5.1.6 <6.0.0" is a valid semver range for sqlite3
163 silly addNameRange { name: 'sqlite3', range: '>=5.1.6 <6.0.0', hasData: false }
164 silly mapToRegistry name sqlite3
165 silly mapToRegistry using default registry
166 silly mapToRegistry registry https://registry.npmjs.org/
167 silly mapToRegistry uri https://registry.npmjs.org/sqlite3
168 verbose addNameRange registry:https://registry.npmjs.org/sqlite3 not in flight; fetching
169 verbose get https://registry.npmjs.org/sqlite3 not expired, no request
170 silly addNameRange number 2 { name: 'sqlite3', range: '>=5.1.6 <6.0.0', hasData: true }
171 silly addNameRange versions [ 'sqlite3',
171 silly addNameRange   [ '2.0.0',
171 silly addNameRange     '2.0.1',
171 silly addNameRange     '2.0.2',
171 silly addNameRange     '2.0.3',
171 silly addNameRange     '2.0.4',
171 silly addNameRange     '2.0.5',
171 silly addNameRange     '2.0.6',
171 silly addNameRange     '2.0.7',
171 silly addNameRange     '2.0.8',
171 silly addNameRange     '2.0.9',
171 silly addNameRange     '2.0.10',
171 silly addNameRange     '2.0.11',
171 silly addNameRange     '2.0.12',
171 silly addNameRange     '2.0.13',
171 silly addNameRange     '2.0.14',
171 silly addNameRange     '2.0.15',
171 silly addNameRange     '2.0.16',
171 silly addNameRange     '2.0.17',
171 silly addNameRange     '2.0.18',
171 silly addNameRange     '2.1.0',
171 silly addNameRange     '2.1.1',
171 silly addNameRange     '2.1.2',
171 silly addNameRange     '2.1.3',
171 silly addNameRange     '2.1.4',
171 silly addNameRange     '2.1.5',
171 silly addNameRange     '2.1.7',
171 silly addNameRange     '2.1.8',
171 silly addNameRange     '2.1.9',
171 silly addNameRange     '2.1.10',
171 silly addNameRange     '2.1.11',
171 silly addNameRange     '2.1.12',
171 silly addNameRange     '2.1.13',
171 silly addNameRange     '2.1.14',
171 silly addNameRange     '2.1.15',
171 silly addNameRange     '2.1.16',
171 silly addNameRange     '2.1.17',
171 silly addNameRange     '2.1.18',
171 silly addNameRange     '2.1.19',
171 silly addNameRange     '2.2.0',
171 silly addNameRange     '2.2.1',
171 silly addNameRange     '2.2.2',
171 silly addNameRange     '2.2.3',
171 silly addNameRange     '2.2.4',
171 silly addNameRange     '2.2.6',
171 silly addNameRange     '2.2.7',
171 silly addNameRange     '3.0.0',
171 silly addNameRange     '3.0.1',
171 silly addNameRange     '3.0.2',
171 silly addNameRange     '3.0.4',
171 silly addNameRange     '3.0.5',
171 silly addNameRange     '3.0.6',
171 silly addNameRange     '3.0.7',
171 silly addNameRange     '3.0.8',
171 silly addNameRange     '3.0.9',
171 silly addNameRange     '3.0.10',
171 silly addNameRange     '3.1.0',
171 silly addNameRange     '3.1.1',
171 silly addNameRange     '3.1.2',
171 silly addNameRange     '3.1.3',
171 silly addNameRange     '3.1.4',
171 silly addNameRange     '3.1.5',
171 silly addNameRange     '3.1.6',
171 silly addNameRange     '3.1.7',
171 silly addNameRange     '3.1.8',
171 silly addNameRange     '3.1.9',
171 silly addNameRange     '3.1.10-alpha',
171 silly addNameRange     '3.1.10',
171 silly addNameRange     '3.1.11',
171 silly addNameRange     '3.1.12',
171 silly addNameRange     '3.1.13',
171 silly addNameRange     '4.0.0',
171 silly addNameRange     '4.0.1',
171 silly addNameRange     '4.0.2',
171 silly addNameRange     '4.0.3',
171 silly addNameRange     '4.0.4',
171 silly addNameRange     '4.0.6',
171 silly addNameRange     '4.0.7',
171 silly addNameRange     '4.0.8',
171 silly addNameRange     '4.0.9',
171 silly addNameRange     '4.1.0',
171 silly addNameRange     '4.1.1',
171 silly addNameRange     '4.2.0',
171 silly addNameRange     '5.0.0',
171 silly addNameRange     '5.0.1',
171 silly addNameRange     '5.0.2',
171 silly addNameRange     '5.0.3',
171 silly addNameRange     '5.0.4',
171 silly addNameRange     '5.0.5',
171 silly addNameRange     '5.0.6',
171 silly addNameRange     '5.0.7',
171 silly addNameRange     '5.0.8',
171 silly addNameRange     '5.0.9',
171 silly addNameRange     '5.0.10',
171 silly addNameRange     '5.0.11',
171 silly addNameRange     '5.1.0',
171 silly addNameRange     '5.1.1',
171 silly addNameRange     '5.1.2',
171 silly addNameRange     '5.1.3',
171 silly addNameRange     '5.1.4',
171 silly addNameRange     '5.1.5',
171 silly addNameRange     ... 3 more items ] ]
172 silly addNamed sqlite3@5.1.7
173 verbose addNamed "5.1.7" is a plain semver version for sqlite3
174 silly mapToRegistry name sqlite3
175 silly mapToRegistry using default registry
176 silly mapToRegistry registry https://registry.npmjs.org/
177 silly mapToRegistry uri https://registry.npmjs.org/sqlite3
178 verbose addRemoteTarball https://registry.npmjs.org/sqlite3/-/sqlite3-5.1.7.tgz not in flight; adding
179 verbose addRemoteTarball [ 'https://registry.npmjs.org/sqlite3/-/sqlite3-5.1.7.tgz',
179 verbose addRemoteTarball   '59ca1053c1ab38647396586edad019b1551041b7' ]
180 info retry fetch attempt 1 at 10:54:47
181 info attempt registry request try #1 at 10:54:47
182 http fetch GET https://registry.npmjs.org/sqlite3/-/sqlite3-5.1.7.tgz
183 http 200 https://registry.npmjs.org/express-handlebars
184 verbose headers { date: 'Sat, 01 Jun 2024 13:54:47 GMT',
184 verbose headers   'content-type': 'application/json',
184 verbose headers   'transfer-encoding': 'chunked',
184 verbose headers   connection: 'keep-alive',
184 verbose headers   'cf-ray': '88cfb294cd15b4f8-SCL',
184 verbose headers   'cf-cache-status': 'HIT',
184 verbose headers   'access-control-allow-origin': '*',
184 verbose headers   age: '144',
184 verbose headers   'cache-control': 'public, max-age=300',
184 verbose headers   etag: 'W/"a6f695426fb68f2dddeb3050eab2dc9b"',
184 verbose headers   'last-modified': 'Tue, 07 Nov 2023 05:03:12 GMT',
184 verbose headers   vary: 'accept-encoding, accept',
184 verbose headers   server: 'cloudflare',
184 verbose headers   'content-encoding': 'gzip' }
185 silly get cb [ 200,
185 silly get   { date: 'Sat, 01 Jun 2024 13:54:47 GMT',
185 silly get     'content-type': 'application/json',
185 silly get     'transfer-encoding': 'chunked',
185 silly get     connection: 'keep-alive',
185 silly get     'cf-ray': '88cfb294cd15b4f8-SCL',
185 silly get     'cf-cache-status': 'HIT',
185 silly get     'access-control-allow-origin': '*',
185 silly get     age: '144',
185 silly get     'cache-control': 'public, max-age=300',
185 silly get     etag: 'W/"a6f695426fb68f2dddeb3050eab2dc9b"',
185 silly get     'last-modified': 'Tue, 07 Nov 2023 05:03:12 GMT',
185 silly get     vary: 'accept-encoding, accept',
185 silly get     server: 'cloudflare',
185 silly get     'content-encoding': 'gzip' } ]
186 verbose get saving express-handlebars to /home/server1/.npm/registry.npmjs.org/express-handlebars/.cache.json
187 http 200 https://registry.npmjs.org/handlebars
188 verbose headers { date: 'Sat, 01 Jun 2024 13:54:47 GMT',
188 verbose headers   'content-type': 'application/json',
188 verbose headers   'transfer-encoding': 'chunked',
188 verbose headers   connection: 'keep-alive',
188 verbose headers   'cf-ray': '88cfb294bef30dd7-SCL',
188 verbose headers   'cf-cache-status': 'HIT',
188 verbose headers   'access-control-allow-origin': '*',
188 verbose headers   age: '99',
188 verbose headers   'cache-control': 'public, max-age=300',
188 verbose headers   etag: 'W/"beec538acff82578c0d09c8e8341d9ae"',
188 verbose headers   'last-modified': 'Thu, 21 Sep 2023 20:42:59 GMT',
188 verbose headers   vary: 'accept-encoding, accept',
188 verbose headers   server: 'cloudflare',
188 verbose headers   'content-encoding': 'gzip' }
189 silly get cb [ 200,
189 silly get   { date: 'Sat, 01 Jun 2024 13:54:47 GMT',
189 silly get     'content-type': 'application/json',
189 silly get     'transfer-encoding': 'chunked',
189 silly get     connection: 'keep-alive',
189 silly get     'cf-ray': '88cfb294bef30dd7-SCL',
189 silly get     'cf-cache-status': 'HIT',
189 silly get     'access-control-allow-origin': '*',
189 silly get     age: '99',
189 silly get     'cache-control': 'public, max-age=300',
189 silly get     etag: 'W/"beec538acff82578c0d09c8e8341d9ae"',
189 silly get     'last-modified': 'Thu, 21 Sep 2023 20:42:59 GMT',
189 silly get     vary: 'accept-encoding, accept',
189 silly get     server: 'cloudflare',
189 silly get     'content-encoding': 'gzip' } ]
190 verbose get saving handlebars to /home/server1/.npm/registry.npmjs.org/handlebars/.cache.json
191 silly resolveWithNewModule express-handlebars@7.1.2 checking installable status
192 silly cache add args [ 'express-handlebars@^7.0.7', null ]
193 verbose cache add spec express-handlebars@^7.0.7
194 silly cache add parsed spec Result {
194 silly cache add   raw: 'express-handlebars@^7.0.7',
194 silly cache add   scope: null,
194 silly cache add   name: 'express-handlebars',
194 silly cache add   rawSpec: '^7.0.7',
194 silly cache add   spec: '>=7.0.7 <8.0.0',
194 silly cache add   type: 'range' }
195 silly addNamed express-handlebars@>=7.0.7 <8.0.0
196 verbose addNamed ">=7.0.7 <8.0.0" is a valid semver range for express-handlebars
197 silly addNameRange { name: 'express-handlebars',
197 silly addNameRange   range: '>=7.0.7 <8.0.0',
197 silly addNameRange   hasData: false }
198 silly mapToRegistry name express-handlebars
199 silly mapToRegistry using default registry
200 silly mapToRegistry registry https://registry.npmjs.org/
201 silly mapToRegistry uri https://registry.npmjs.org/express-handlebars
202 verbose addNameRange registry:https://registry.npmjs.org/express-handlebars not in flight; fetching
203 silly resolveWithNewModule handlebars@4.7.8 checking installable status
204 silly cache add args [ 'handlebars@^4.7.7', null ]
205 verbose cache add spec handlebars@^4.7.7
206 silly cache add parsed spec Result {
206 silly cache add   raw: 'handlebars@^4.7.7',
206 silly cache add   scope: null,
206 silly cache add   name: 'handlebars',
206 silly cache add   rawSpec: '^4.7.7',
206 silly cache add   spec: '>=4.7.7 <5.0.0',
206 silly cache add   type: 'range' }
207 silly addNamed handlebars@>=4.7.7 <5.0.0
208 verbose addNamed ">=4.7.7 <5.0.0" is a valid semver range for handlebars
209 silly addNameRange { name: 'handlebars', range: '>=4.7.7 <5.0.0', hasData: false }
210 silly mapToRegistry name handlebars
211 silly mapToRegistry using default registry
212 silly mapToRegistry registry https://registry.npmjs.org/
213 silly mapToRegistry uri https://registry.npmjs.org/handlebars
214 verbose addNameRange registry:https://registry.npmjs.org/handlebars not in flight; fetching
215 verbose get https://registry.npmjs.org/express-handlebars not expired, no request
216 silly addNameRange number 2 { name: 'express-handlebars',
216 silly addNameRange   range: '>=7.0.7 <8.0.0',
216 silly addNameRange   hasData: true }
217 silly addNameRange versions [ 'express-handlebars',
217 silly addNameRange   [ '0.0.1',
217 silly addNameRange     '0.0.2',
217 silly addNameRange     '1.0.0-rc-1',
217 silly addNameRange     '1.0.0-rc-2',
217 silly addNameRange     '1.0.0',
217 silly addNameRange     '1.0.1',
217 silly addNameRange     '1.0.2',
217 silly addNameRange     '1.0.3',
217 silly addNameRange     '1.1.0',
217 silly addNameRange     '1.2.0',
217 silly addNameRange     '1.2.1',
217 silly addNameRange     '1.2.2',
217 silly addNameRange     '2.0.0',
217 silly addNameRange     '2.0.1',
217 silly addNameRange     '3.0.0',
217 silly addNameRange     '3.0.1',
217 silly addNameRange     '3.0.2',
217 silly addNameRange     '3.1.0',
217 silly addNameRange     '4.0.0',
217 silly addNameRange     '4.0.1',
217 silly addNameRange     '4.0.2',
217 silly addNameRange     '4.0.3',
217 silly addNameRange     '4.0.4',
217 silly addNameRange     '4.0.5',
217 silly addNameRange     '4.0.6',
217 silly addNameRange     '5.0.0',
217 silly addNameRange     '5.1.0',
217 silly addNameRange     '5.2.0',
217 silly addNameRange     '5.2.1',
217 silly addNameRange     '5.3.0',
217 silly addNameRange     '5.3.1',
217 silly addNameRange     '5.3.2',
217 silly addNameRange     '5.3.3',
217 silly addNameRange     '5.3.4',
217 silly addNameRange     '5.3.5',
217 silly addNameRange     '6.0.0',
217 silly addNameRange     '6.0.1',
217 silly addNameRange     '6.0.2',
217 silly addNameRange     '6.0.3',
217 silly addNameRange     '6.0.4',
217 silly addNameRange     '6.0.5',
217 silly addNameRange     '6.0.6',
217 silly addNameRange     '6.0.7',
217 silly addNameRange     '7.0.0',
217 silly addNameRange     '7.0.1',
217 silly addNameRange     '7.0.2',
217 silly addNameRange     '7.0.3',
217 silly addNameRange     '7.0.4',
217 silly addNameRange     '7.0.5',
217 silly addNameRange     '7.0.6',
217 silly addNameRange     '7.0.7',
217 silly addNameRange     '7.1.0',
217 silly addNameRange     '7.1.1',
217 silly addNameRange     '7.1.2' ] ]
218 silly addNamed express-handlebars@7.1.2
219 verbose addNamed "7.1.2" is a plain semver version for express-handlebars
220 silly mapToRegistry name express-handlebars
221 silly mapToRegistry using default registry
222 silly mapToRegistry registry https://registry.npmjs.org/
223 silly mapToRegistry uri https://registry.npmjs.org/express-handlebars
224 verbose addRemoteTarball https://registry.npmjs.org/express-handlebars/-/express-handlebars-7.1.2.tgz not in flight; adding
225 verbose addRemoteTarball [ 'https://registry.npmjs.org/express-handlebars/-/express-handlebars-7.1.2.tgz',
225 verbose addRemoteTarball   '2471673d11af46f496cba4098a705f0217232fda' ]
226 info retry fetch attempt 1 at 10:54:47
227 info attempt registry request try #1 at 10:54:47
228 http fetch GET https://registry.npmjs.org/express-handlebars/-/express-handlebars-7.1.2.tgz
229 verbose get https://registry.npmjs.org/handlebars not expired, no request
230 silly addNameRange number 2 { name: 'handlebars', range: '>=4.7.7 <5.0.0', hasData: true }
231 silly addNameRange versions [ 'handlebars',
231 silly addNameRange   [ '1.0.6',
231 silly addNameRange     '1.0.6-2',
231 silly addNameRange     '1.0.7',
231 silly addNameRange     '1.0.8',
231 silly addNameRange     '1.0.9',
231 silly addNameRange     '1.0.10',
231 silly addNameRange     '1.0.11',
231 silly addNameRange     '1.0.12',
231 silly addNameRange     '1.1.0',
231 silly addNameRange     '1.1.1',
231 silly addNameRange     '1.1.2',
231 silly addNameRange     '1.2.0',
231 silly addNameRange     '1.2.1',
231 silly addNameRange     '1.3.0',
231 silly addNameRange     '2.0.0-alpha.1',
231 silly addNameRange     '2.0.0-alpha.2',
231 silly addNameRange     '2.0.0-alpha.3',
231 silly addNameRange     '2.0.0-alpha.4',
231 silly addNameRange     '2.0.0-beta.1',
231 silly addNameRange     '2.0.0',
231 silly addNameRange     '3.0.0',
231 silly addNameRange     '3.0.1',
231 silly addNameRange     '3.0.2',
231 silly addNameRange     '3.0.3',
231 silly addNameRange     '4.0.0',
231 silly addNameRange     '4.0.1',
231 silly addNameRange     '4.0.2',
231 silly addNameRange     '4.0.3',
231 silly addNameRange     '4.0.4',
231 silly addNameRange     '4.0.5',
231 silly addNameRange     '4.0.6',
231 silly addNameRange     '4.0.7',
231 silly addNameRange     '4.0.8',
231 silly addNameRange     '4.0.9',
231 silly addNameRange     '4.0.10',
231 silly addNameRange     '4.0.11',
231 silly addNameRange     '1.0.2-beta',
231 silly addNameRange     '1.0.4-beta',
231 silly addNameRange     '1.0.5-beta',
231 silly addNameRange     '4.0.12',
231 silly addNameRange     '3.0.4',
231 silly addNameRange     '3.0.5',
231 silly addNameRange     '3.0.6',
231 silly addNameRange     '4.1.0',
231 silly addNameRange     '4.0.13',
231 silly addNameRange     '4.1.1',
231 silly addNameRange     '4.1.2',
231 silly addNameRange     '4.0.14',
231 silly addNameRange     '3.0.7',
231 silly addNameRange     '4.1.2-0',
231 silly addNameRange     '4.2.0',
231 silly addNameRange     '4.2.1',
231 silly addNameRange     '4.3.0',
231 silly addNameRange     '4.3.1',
231 silly addNameRange     '4.3.2',
231 silly addNameRange     '4.3.3',
231 silly addNameRange     '4.3.4',
231 silly addNameRange     '4.4.0',
231 silly addNameRange     '4.4.1',
231 silly addNameRange     '4.3.5',
231 silly addNameRange     '4.2.2',
231 silly addNameRange     '4.4.2',
231 silly addNameRange     '4.4.3',
231 silly addNameRange     '4.4.4',
231 silly addNameRange     '4.4.5',
231 silly addNameRange     '4.5.0',
231 silly addNameRange     '4.5.1',
231 silly addNameRange     '4.5.2',
231 silly addNameRange     '4.5.3',
231 silly addNameRange     '4.6.0',
231 silly addNameRange     '4.7.0',
231 silly addNameRange     '4.7.1',
231 silly addNameRange     '4.7.2',
231 silly addNameRange     '4.7.3',
231 silly addNameRange     '3.0.8',
231 silly addNameRange     '4.7.4',
231 silly addNameRange     '4.7.5',
231 silly addNameRange     '4.7.6',
231 silly addNameRange     '4.7.7',
231 silly addNameRange     '4.7.8' ] ]
232 silly addNamed handlebars@4.7.8
233 verbose addNamed "4.7.8" is a plain semver version for handlebars
234 silly mapToRegistry name handlebars
235 silly mapToRegistry using default registry
236 silly mapToRegistry registry https://registry.npmjs.org/
237 silly mapToRegistry uri https://registry.npmjs.org/handlebars
238 verbose addRemoteTarball https://registry.npmjs.org/handlebars/-/handlebars-4.7.8.tgz not in flight; adding
239 verbose addRemoteTarball [ 'https://registry.npmjs.org/handlebars/-/handlebars-4.7.8.tgz',
239 verbose addRemoteTarball   '41c42c18b1be2365439188c77c6afae71c0cd9e9' ]
240 http fetch 200 https://registry.npmjs.org/sqlite3/-/sqlite3-5.1.7.tgz
241 info retry fetch attempt 1 at 10:54:47
242 info attempt registry request try #1 at 10:54:47
243 http fetch GET https://registry.npmjs.org/handlebars/-/handlebars-4.7.8.tgz
244 http 200 https://registry.npmjs.org/dotenv
245 verbose headers { date: 'Sat, 01 Jun 2024 13:54:47 GMT',
245 verbose headers   'content-type': 'application/json',
245 verbose headers   'transfer-encoding': 'chunked',
245 verbose headers   connection: 'keep-alive',
245 verbose headers   'cf-ray': '88cfb294cb31a1a6-SCL',
245 verbose headers   'cf-cache-status': 'HIT',
245 verbose headers   'access-control-allow-origin': '*',
245 verbose headers   age: '147',
245 verbose headers   'cache-control': 'public, max-age=300',
245 verbose headers   etag: 'W/"609a1f7b117267d9a2ac68a0e4f84db4"',
245 verbose headers   'last-modified': 'Thu, 30 May 2024 05:44:31 GMT',
245 verbose headers   vary: 'accept-encoding, accept',
245 verbose headers   server: 'cloudflare',
245 verbose headers   'content-encoding': 'gzip' }
246 silly get cb [ 200,
246 silly get   { date: 'Sat, 01 Jun 2024 13:54:47 GMT',
246 silly get     'content-type': 'application/json',
246 silly get     'transfer-encoding': 'chunked',
246 silly get     connection: 'keep-alive',
246 silly get     'cf-ray': '88cfb294cb31a1a6-SCL',
246 silly get     'cf-cache-status': 'HIT',
246 silly get     'access-control-allow-origin': '*',
246 silly get     age: '147',
246 silly get     'cache-control': 'public, max-age=300',
246 silly get     etag: 'W/"609a1f7b117267d9a2ac68a0e4f84db4"',
246 silly get     'last-modified': 'Thu, 30 May 2024 05:44:31 GMT',
246 silly get     vary: 'accept-encoding, accept',
246 silly get     server: 'cloudflare',
246 silly get     'content-encoding': 'gzip' } ]
247 verbose get saving dotenv to /home/server1/.npm/registry.npmjs.org/dotenv/.cache.json
248 http 200 https://registry.npmjs.org/mysql2
249 verbose headers { date: 'Sat, 01 Jun 2024 13:54:47 GMT',
249 verbose headers   'content-type': 'application/json',
249 verbose headers   'transfer-encoding': 'chunked',
249 verbose headers   connection: 'keep-alive',
249 verbose headers   'cf-ray': '88cfb294ece60dd2-SCL',
249 verbose headers   'cf-cache-status': 'HIT',
249 verbose headers   'access-control-allow-origin': '*',
249 verbose headers   age: '143',
249 verbose headers   'cache-control': 'public, max-age=300',
249 verbose headers   etag: 'W/"5917fe041c1ffc73e526972336527da1"',
249 verbose headers   'last-modified': 'Thu, 30 May 2024 19:04:19 GMT',
249 verbose headers   vary: 'accept-encoding, accept',
249 verbose headers   server: 'cloudflare',
249 verbose headers   'content-encoding': 'gzip' }
250 silly get cb [ 200,
250 silly get   { date: 'Sat, 01 Jun 2024 13:54:47 GMT',
250 silly get     'content-type': 'application/json',
250 silly get     'transfer-encoding': 'chunked',
250 silly get     connection: 'keep-alive',
250 silly get     'cf-ray': '88cfb294ece60dd2-SCL',
250 silly get     'cf-cache-status': 'HIT',
250 silly get     'access-control-allow-origin': '*',
250 silly get     age: '143',
250 silly get     'cache-control': 'public, max-age=300',
250 silly get     etag: 'W/"5917fe041c1ffc73e526972336527da1"',
250 silly get     'last-modified': 'Thu, 30 May 2024 19:04:19 GMT',
250 silly get     vary: 'accept-encoding, accept',
250 silly get     server: 'cloudflare',
250 silly get     'content-encoding': 'gzip' } ]
251 verbose get saving mysql2 to /home/server1/.npm/registry.npmjs.org/mysql2/.cache.json
252 silly resolveWithNewModule dotenv@16.4.5 checking installable status
253 silly cache add args [ 'dotenv@^16.3.1', null ]
254 verbose cache add spec dotenv@^16.3.1
255 silly cache add parsed spec Result {
255 silly cache add   raw: 'dotenv@^16.3.1',
255 silly cache add   scope: null,
255 silly cache add   name: 'dotenv',
255 silly cache add   rawSpec: '^16.3.1',
255 silly cache add   spec: '>=16.3.1 <17.0.0',
255 silly cache add   type: 'range' }
256 silly addNamed dotenv@>=16.3.1 <17.0.0
257 verbose addNamed ">=16.3.1 <17.0.0" is a valid semver range for dotenv
258 silly addNameRange { name: 'dotenv', range: '>=16.3.1 <17.0.0', hasData: false }
259 silly mapToRegistry name dotenv
260 silly mapToRegistry using default registry
261 silly mapToRegistry registry https://registry.npmjs.org/
262 silly mapToRegistry uri https://registry.npmjs.org/dotenv
263 verbose addNameRange registry:https://registry.npmjs.org/dotenv not in flight; fetching
264 verbose get https://registry.npmjs.org/dotenv not expired, no request
265 silly addNameRange number 2 { name: 'dotenv', range: '>=16.3.1 <17.0.0', hasData: true }
266 silly addNameRange versions [ 'dotenv',
266 silly addNameRange   [ '0.0.1',
266 silly addNameRange     '0.0.2',
266 silly addNameRange     '0.0.3',
266 silly addNameRange     '0.0.4',
266 silly addNameRange     '0.0.5',
266 silly addNameRange     '0.1.0',
266 silly addNameRange     '0.1.1',
266 silly addNameRange     '0.1.2',
266 silly addNameRange     '0.2.0',
266 silly addNameRange     '0.2.1',
266 silly addNameRange     '0.2.2',
266 silly addNameRange     '0.2.3',
266 silly addNameRange     '0.2.4',
266 silly addNameRange     '0.2.5',
266 silly addNameRange     '0.2.6',
266 silly addNameRange     '0.2.7',
266 silly addNameRange     '0.2.8',
266 silly addNameRange     '0.3.0',
266 silly addNameRange     '0.4.0',
266 silly addNameRange     '0.5.0',
266 silly addNameRange     '0.5.1',
266 silly addNameRange     '1.0.0',
266 silly addNameRange     '1.1.0',
266 silly addNameRange     '1.2.0',
266 silly addNameRange     '2.0.0',
266 silly addNameRange     '3.0.0',
266 silly addNameRange     '4.0.0',
266 silly addNameRange     '5.0.0',
266 silly addNameRange     '5.0.1',
266 silly addNameRange     '6.0.0',
266 silly addNameRange     '6.1.0',
266 silly addNameRange     '6.2.0-rc1',
266 silly addNameRange     '6.2.0-0',
266 silly addNameRange     '6.2.0',
266 silly addNameRange     '7.0.0',
266 silly addNameRange     '8.0.0',
266 silly addNameRange     '8.1.0',
266 silly addNameRange     '8.2.0',
266 silly addNameRange     '8.3.0',
266 silly addNameRange     '8.4.0',
266 silly addNameRange     '8.5.0',
266 silly addNameRange     '8.5.1',
266 silly addNameRange     '8.6.0',
266 silly addNameRange     '9.0.0',
266 silly addNameRange     '9.0.1',
266 silly addNameRange     '9.0.2',
266 silly addNameRange     '10.0.0',
266 silly addNameRange     '11.0.0',
266 silly addNameRange     '12.0.0',
266 silly addNameRange     '12.0.1',
266 silly addNameRange     '12.0.2',
266 silly addNameRange     '12.0.3',
266 silly addNameRange     '12.0.4',
266 silly addNameRange     '13.0.0',
266 silly addNameRange     '13.0.1',
266 silly addNameRange     '14.0.0',
266 silly addNameRange     '14.0.1',
266 silly addNameRange     '14.1.0',
266 silly addNameRange     '14.1.1',
266 silly addNameRange     '14.2.0',
266 silly addNameRange     '14.3.0',
266 silly addNameRange     '14.3.1',
266 silly addNameRange     '14.3.2',
266 silly addNameRange     '15.0.0',
266 silly addNameRange     '15.0.1',
266 silly addNameRange     '16.0.0',
266 silly addNameRange     '16.0.1',
266 silly addNameRange     '16.0.2',
266 silly addNameRange     '16.0.3',
266 silly addNameRange     '16.1.0-rc1',
266 silly addNameRange     '16.1.0-rc2',
266 silly addNameRange     '16.1.0',
266 silly addNameRange     '16.1.1',
266 silly addNameRange     '16.1.2',
266 silly addNameRange     '16.1.3',
266 silly addNameRange     '16.1.4',
266 silly addNameRange     '16.2.0',
266 silly addNameRange     '16.3.0',
266 silly addNameRange     '16.3.1',
266 silly addNameRange     '16.3.2',
266 silly addNameRange     '16.4.0',
266 silly addNameRange     '16.4.1',
266 silly addNameRange     '16.4.2',
266 silly addNameRange     '16.4.3',
266 silly addNameRange     '16.4.4',
266 silly addNameRange     '16.4.5' ] ]
267 silly addNamed dotenv@16.4.5
268 verbose addNamed "16.4.5" is a plain semver version for dotenv
269 silly mapToRegistry name dotenv
270 silly mapToRegistry using default registry
271 silly mapToRegistry registry https://registry.npmjs.org/
272 silly mapToRegistry uri https://registry.npmjs.org/dotenv
273 verbose addRemoteTarball https://registry.npmjs.org/dotenv/-/dotenv-16.4.5.tgz not in flight; adding
274 verbose addRemoteTarball [ 'https://registry.npmjs.org/dotenv/-/dotenv-16.4.5.tgz',
274 verbose addRemoteTarball   'cdd3b3b604cb327e286b4762e13502f717cb099f' ]
275 info retry fetch attempt 1 at 10:54:47
276 info attempt registry request try #1 at 10:54:47
277 http fetch GET https://registry.npmjs.org/dotenv/-/dotenv-16.4.5.tgz
278 silly resolveWithNewModule mysql2@3.10.0 checking installable status
279 silly cache add args [ 'mysql2@^3.5.2', null ]
280 verbose cache add spec mysql2@^3.5.2
281 silly cache add parsed spec Result {
281 silly cache add   raw: 'mysql2@^3.5.2',
281 silly cache add   scope: null,
281 silly cache add   name: 'mysql2',
281 silly cache add   rawSpec: '^3.5.2',
281 silly cache add   spec: '>=3.5.2 <4.0.0',
281 silly cache add   type: 'range' }
282 silly addNamed mysql2@>=3.5.2 <4.0.0
283 verbose addNamed ">=3.5.2 <4.0.0" is a valid semver range for mysql2
284 silly addNameRange { name: 'mysql2', range: '>=3.5.2 <4.0.0', hasData: false }
285 silly mapToRegistry name mysql2
286 silly mapToRegistry using default registry
287 silly mapToRegistry registry https://registry.npmjs.org/
288 silly mapToRegistry uri https://registry.npmjs.org/mysql2
289 verbose addNameRange registry:https://registry.npmjs.org/mysql2 not in flight; fetching
290 verbose get https://registry.npmjs.org/mysql2 not expired, no request
291 silly addNameRange number 2 { name: 'mysql2', range: '>=3.5.2 <4.0.0', hasData: true }
292 silly addNameRange versions [ 'mysql2',
292 silly addNameRange   [ '0.0.1',
292 silly addNameRange     '0.0.2',
292 silly addNameRange     '0.0.3',
292 silly addNameRange     '0.1.0',
292 silly addNameRange     '0.1.1',
292 silly addNameRange     '0.1.2',
292 silly addNameRange     '0.2.0',
292 silly addNameRange     '0.2.1',
292 silly addNameRange     '0.2.2',
292 silly addNameRange     '0.2.3',
292 silly addNameRange     '0.2.4',
292 silly addNameRange     '0.3.0',
292 silly addNameRange     '0.4.0',
292 silly addNameRange     '0.5.0',
292 silly addNameRange     '0.6.0',
292 silly addNameRange     '0.7.0',
292 silly addNameRange     '0.8.0',
292 silly addNameRange     '0.8.1',
292 silly addNameRange     '0.8.2',
292 silly addNameRange     '0.8.3',
292 silly addNameRange     '0.8.4',
292 silly addNameRange     '0.8.5',
292 silly addNameRange     '0.8.6',
292 silly addNameRange     '0.8.7',
292 silly addNameRange     '0.8.8',
292 silly addNameRange     '0.8.9',
292 silly addNameRange     '0.8.10',
292 silly addNameRange     '0.8.11',
292 silly addNameRange     '0.8.12',
292 silly addNameRange     '0.8.13',
292 silly addNameRange     '0.8.14',
292 silly addNameRange     '0.8.15',
292 silly addNameRange     '0.8.16',
292 silly addNameRange     '0.8.17',
292 silly addNameRange     '0.8.18',
292 silly addNameRange     '0.8.19',
292 silly addNameRange     '0.8.20',
292 silly addNameRange     '0.8.21',
292 silly addNameRange     '0.9.1',
292 silly addNameRange     '0.9.2',
292 silly addNameRange     '0.10.1',
292 silly addNameRange     '0.10.2',
292 silly addNameRange     '0.10.3',
292 silly addNameRange     '0.10.4',
292 silly addNameRange     '0.10.5',
292 silly addNameRange     '0.10.6',
292 silly addNameRange     '0.10.7',
292 silly addNameRange     '0.11.0',
292 silly addNameRange     '0.11.1',
292 silly addNameRange     '0.11.2',
292 silly addNameRange     '0.11.3',
292 silly addNameRange     '0.11.4',
292 silly addNameRange     '0.11.5',
292 silly addNameRange     '0.11.6',
292 silly addNameRange     '0.11.7',
292 silly addNameRange     '0.11.8',
292 silly addNameRange     '0.12.0',
292 silly addNameRange     '0.12.1',
292 silly addNameRange     '0.12.2',
292 silly addNameRange     '0.12.3',
292 silly addNameRange     '0.12.4',
292 silly addNameRange     '0.12.5',
292 silly addNameRange     '0.13.0',
292 silly addNameRange     '0.14.0',
292 silly addNameRange     '0.14.1',
292 silly addNameRange     '0.15.0',
292 silly addNameRange     '0.15.1',
292 silly addNameRange     '0.15.2',
292 silly addNameRange     '0.15.3',
292 silly addNameRange     '0.15.4',
292 silly addNameRange     '0.15.5',
292 silly addNameRange     '0.15.6',
292 silly addNameRange     '0.15.7',
292 silly addNameRange     '0.15.8',
292 silly addNameRange     '1.0.0-rc.1',
292 silly addNameRange     '1.0.0-rc.2',
292 silly addNameRange     '1.0.0-rc.3',
292 silly addNameRange     '1.0.0-rc.4',
292 silly addNameRange     '1.0.0-rc.5',
292 silly addNameRange     '1.0.0-rc.6',
292 silly addNameRange     '1.0.0-rc.7',
292 silly addNameRange     '1.0.0-rc.8',
292 silly addNameRange     '1.0.0-rc.9',
292 silly addNameRange     '1.0.0-rc.10',
292 silly addNameRange     '1.0.0-rc.11',
292 silly addNameRange     '1.0.0-rc.12',
292 silly addNameRange     '1.0.0-rc.13',
292 silly addNameRange     '1.0.0',
292 silly addNameRange     '1.1.0',
292 silly addNameRange     '1.1.1',
292 silly addNameRange     '1.1.2',
292 silly addNameRange     '1.2.0',
292 silly addNameRange     '1.3.0',
292 silly addNameRange     '1.3.1',
292 silly addNameRange     '1.3.2',
292 silly addNameRange     '1.3.3',
292 silly addNameRange     '1.3.4',
292 silly addNameRange     '1.3.5',
292 silly addNameRange     '1.3.6',
292 silly addNameRange     '1.4.0',
292 silly addNameRange     ... 76 more items ] ]
293 silly addNamed mysql2@3.10.0
294 verbose addNamed "3.10.0" is a plain semver version for mysql2
295 silly mapToRegistry name mysql2
296 silly mapToRegistry using default registry
297 silly mapToRegistry registry https://registry.npmjs.org/
298 silly mapToRegistry uri https://registry.npmjs.org/mysql2
299 verbose addRemoteTarball https://registry.npmjs.org/mysql2/-/mysql2-3.10.0.tgz not in flight; adding
300 verbose addRemoteTarball [ 'https://registry.npmjs.org/mysql2/-/mysql2-3.10.0.tgz',
300 verbose addRemoteTarball   '5109449fda3dc03fb7d6bdf2cf91f97477081987' ]
301 http fetch 200 https://registry.npmjs.org/express-handlebars/-/express-handlebars-7.1.2.tgz
302 info retry fetch attempt 1 at 10:54:47
303 info attempt registry request try #1 at 10:54:47
304 http fetch GET https://registry.npmjs.org/mysql2/-/mysql2-3.10.0.tgz
305 http fetch 200 https://registry.npmjs.org/handlebars/-/handlebars-4.7.8.tgz
306 silly fetchAndShaCheck shasum 2471673d11af46f496cba4098a705f0217232fda
307 verbose addTmpTarball /tmp/npm-27625-77734cc1/registry.npmjs.org/express-handlebars/-/express-handlebars-7.1.2.tgz not in flight; adding
308 verbose addTmpTarball already have metadata; skipping unpack for express-handlebars@7.1.2
309 http 200 https://registry.npmjs.org/@handlebars%2fallow-prototype-access
310 verbose headers { date: 'Sat, 01 Jun 2024 13:54:47 GMT',
310 verbose headers   'content-type': 'application/json',
310 verbose headers   'transfer-encoding': 'chunked',
310 verbose headers   connection: 'keep-alive',
310 verbose headers   'cf-ray': '88cfb294bcf8b4ec-SCL',
310 verbose headers   'cf-cache-status': 'HIT',
310 verbose headers   'access-control-allow-origin': '*',
310 verbose headers   age: '142',
310 verbose headers   'cache-control': 'public, max-age=300',
310 verbose headers   etag: 'W/"cd55de76cd5f54226b2ef09af23b9cbc"',
310 verbose headers   'last-modified': 'Sat, 29 Jul 2023 18:15:59 GMT',
310 verbose headers   vary: 'accept-encoding, accept',
310 verbose headers   server: 'cloudflare',
310 verbose headers   'content-encoding': 'gzip' }
311 silly get cb [ 200,
311 silly get   { date: 'Sat, 01 Jun 2024 13:54:47 GMT',
311 silly get     'content-type': 'application/json',
311 silly get     'transfer-encoding': 'chunked',
311 silly get     connection: 'keep-alive',
311 silly get     'cf-ray': '88cfb294bcf8b4ec-SCL',
311 silly get     'cf-cache-status': 'HIT',
311 silly get     'access-control-allow-origin': '*',
311 silly get     age: '142',
311 silly get     'cache-control': 'public, max-age=300',
311 silly get     etag: 'W/"cd55de76cd5f54226b2ef09af23b9cbc"',
311 silly get     'last-modified': 'Sat, 29 Jul 2023 18:15:59 GMT',
311 silly get     vary: 'accept-encoding, accept',
311 silly get     server: 'cloudflare',
311 silly get     'content-encoding': 'gzip' } ]
312 verbose get saving @handlebars/allow-prototype-access to /home/server1/.npm/registry.npmjs.org/_40handlebars_252fallow-prototype-access/.cache.json
313 silly cache afterAdd express-handlebars@7.1.2
314 verbose afterAdd /home/server1/.npm/express-handlebars/7.1.2/package/package.json not in flight; writing
315 silly resolveWithNewModule @handlebars/allow-prototype-access@1.0.5 checking installable status
316 silly cache add args [ '@handlebars/allow-prototype-access@^1.0.5', null ]
317 verbose cache add spec @handlebars/allow-prototype-access@^1.0.5
318 silly cache add parsed spec Result {
318 silly cache add   raw: '@handlebars/allow-prototype-access@^1.0.5',
318 silly cache add   scope: '@handlebars',
318 silly cache add   name: '@handlebars/allow-prototype-access',
318 silly cache add   rawSpec: '^1.0.5',
318 silly cache add   spec: '>=1.0.5 <2.0.0',
318 silly cache add   type: 'range' }
319 silly addNamed @handlebars/allow-prototype-access@>=1.0.5 <2.0.0
320 verbose addNamed ">=1.0.5 <2.0.0" is a valid semver range for @handlebars/allow-prototype-access
321 silly addNameRange { name: '@handlebars/allow-prototype-access',
321 silly addNameRange   range: '>=1.0.5 <2.0.0',
321 silly addNameRange   hasData: false }
322 silly mapToRegistry name @handlebars/allow-prototype-access
323 silly mapToRegistry scope (from package name) @handlebars
324 verbose mapToRegistry no registry URL found in name for scope @handlebars
325 silly mapToRegistry using default registry
326 silly mapToRegistry registry https://registry.npmjs.org/
327 silly mapToRegistry uri https://registry.npmjs.org/@handlebars%2fallow-prototype-access
328 verbose addNameRange registry:https://registry.npmjs.org/@handlebars%2fallow-prototype-access not in flight; fetching
329 verbose afterAdd /home/server1/.npm/express-handlebars/7.1.2/package/package.json written
330 verbose get https://registry.npmjs.org/@handlebars%2fallow-prototype-access not expired, no request
331 silly addNameRange number 2 { name: '@handlebars/allow-prototype-access',
331 silly addNameRange   range: '>=1.0.5 <2.0.0',
331 silly addNameRange   hasData: true }
332 silly addNameRange versions [ '@handlebars/allow-prototype-access',
332 silly addNameRange   [ '1.0.0', '1.0.1', '1.0.2', '1.0.3', '1.0.4', '1.0.5' ] ]
333 silly addNamed @handlebars/allow-prototype-access@1.0.5
334 verbose addNamed "1.0.5" is a plain semver version for @handlebars/allow-prototype-access
335 silly mapToRegistry name @handlebars/allow-prototype-access
336 silly mapToRegistry scope (from package name) @handlebars
337 verbose mapToRegistry no registry URL found in name for scope @handlebars
338 silly mapToRegistry using default registry
339 silly mapToRegistry registry https://registry.npmjs.org/
340 silly mapToRegistry uri https://registry.npmjs.org/@handlebars%2fallow-prototype-access
341 verbose addRemoteTarball https://registry.npmjs.org/@handlebars/allow-prototype-access/-/allow-prototype-access-1.0.5.tgz not in flight; adding
342 verbose addRemoteTarball [ 'https://registry.npmjs.org/@handlebars/allow-prototype-access/-/allow-prototype-access-1.0.5.tgz',
342 verbose addRemoteTarball   '364384d1879765aad210a61becd849afab3954b3' ]
343 http fetch 200 https://registry.npmjs.org/dotenv/-/dotenv-16.4.5.tgz
344 silly fetchAndShaCheck shasum cdd3b3b604cb327e286b4762e13502f717cb099f
345 info retry fetch attempt 1 at 10:54:47
346 info attempt registry request try #1 at 10:54:47
347 http fetch GET https://registry.npmjs.org/@handlebars/allow-prototype-access/-/allow-prototype-access-1.0.5.tgz
348 verbose addTmpTarball /tmp/npm-27625-77734cc1/registry.npmjs.org/dotenv/-/dotenv-16.4.5.tgz not in flight; adding
349 verbose addTmpTarball already have metadata; skipping unpack for dotenv@16.4.5
350 silly cache afterAdd dotenv@16.4.5
351 verbose afterAdd /home/server1/.npm/dotenv/16.4.5/package/package.json not in flight; writing
352 verbose afterAdd /home/server1/.npm/dotenv/16.4.5/package/package.json written
353 http fetch 200 https://registry.npmjs.org/mysql2/-/mysql2-3.10.0.tgz
354 http 200 https://registry.npmjs.org/mongoose
355 verbose headers { date: 'Sat, 01 Jun 2024 13:54:47 GMT',
355 verbose headers   'content-type': 'application/json',
355 verbose headers   'transfer-encoding': 'chunked',
355 verbose headers   connection: 'keep-alive',
355 verbose headers   'cf-ray': '88cfb2946a319b17-EZE',
355 verbose headers   'cf-cache-status': 'HIT',
355 verbose headers   'access-control-allow-origin': '*',
355 verbose headers   age: '143',
355 verbose headers   'cache-control': 'public, max-age=300',
355 verbose headers   etag: 'W/"84aaa032e18fbc926f5975fab6db88d7"',
355 verbose headers   'last-modified': 'Fri, 31 May 2024 15:34:21 GMT',
355 verbose headers   vary: 'accept-encoding, accept',
355 verbose headers   server: 'cloudflare',
355 verbose headers   'content-encoding': 'gzip' }
356 silly get cb [ 200,
356 silly get   { date: 'Sat, 01 Jun 2024 13:54:47 GMT',
356 silly get     'content-type': 'application/json',
356 silly get     'transfer-encoding': 'chunked',
356 silly get     connection: 'keep-alive',
356 silly get     'cf-ray': '88cfb2946a319b17-EZE',
356 silly get     'cf-cache-status': 'HIT',
356 silly get     'access-control-allow-origin': '*',
356 silly get     age: '143',
356 silly get     'cache-control': 'public, max-age=300',
356 silly get     etag: 'W/"84aaa032e18fbc926f5975fab6db88d7"',
356 silly get     'last-modified': 'Fri, 31 May 2024 15:34:21 GMT',
356 silly get     vary: 'accept-encoding, accept',
356 silly get     server: 'cloudflare',
356 silly get     'content-encoding': 'gzip' } ]
357 verbose get saving mongoose to /home/server1/.npm/registry.npmjs.org/mongoose/.cache.json
358 silly resolveWithNewModule mongoose@7.6.12 checking installable status
359 silly cache add args [ 'mongoose@^7.3.4', null ]
360 verbose cache add spec mongoose@^7.3.4
361 silly cache add parsed spec Result {
361 silly cache add   raw: 'mongoose@^7.3.4',
361 silly cache add   scope: null,
361 silly cache add   name: 'mongoose',
361 silly cache add   rawSpec: '^7.3.4',
361 silly cache add   spec: '>=7.3.4 <8.0.0',
361 silly cache add   type: 'range' }
362 silly addNamed mongoose@>=7.3.4 <8.0.0
363 verbose addNamed ">=7.3.4 <8.0.0" is a valid semver range for mongoose
364 silly addNameRange { name: 'mongoose', range: '>=7.3.4 <8.0.0', hasData: false }
365 silly mapToRegistry name mongoose
366 silly mapToRegistry using default registry
367 silly mapToRegistry registry https://registry.npmjs.org/
368 silly mapToRegistry uri https://registry.npmjs.org/mongoose
369 verbose addNameRange registry:https://registry.npmjs.org/mongoose not in flight; fetching
370 verbose get https://registry.npmjs.org/mongoose not expired, no request
371 silly addNameRange number 2 { name: 'mongoose', range: '>=7.3.4 <8.0.0', hasData: true }
372 silly addNameRange versions [ 'mongoose',
372 silly addNameRange   [ '0.0.4',
372 silly addNameRange     '0.0.1',
372 silly addNameRange     '0.0.2',
372 silly addNameRange     '0.0.3',
372 silly addNameRange     '0.0.5',
372 silly addNameRange     '1.0.0',
372 silly addNameRange     '1.0.1',
372 silly addNameRange     '1.0.2',
372 silly addNameRange     '0.0.6',
372 silly addNameRange     '1.0.3',
372 silly addNameRange     '1.0.4',
372 silly addNameRange     '1.0.5',
372 silly addNameRange     '1.0.6',
372 silly addNameRange     '1.0.7',
372 silly addNameRange     '1.0.8',
372 silly addNameRange     '1.0.10',
372 silly addNameRange     '1.0.11',
372 silly addNameRange     '1.0.12',
372 silly addNameRange     '1.0.13',
372 silly addNameRange     '1.0.14',
372 silly addNameRange     '1.0.15',
372 silly addNameRange     '1.0.16',
372 silly addNameRange     '1.1.0',
372 silly addNameRange     '1.1.1',
372 silly addNameRange     '1.1.2',
372 silly addNameRange     '1.1.3',
372 silly addNameRange     '1.1.4',
372 silly addNameRange     '1.1.5',
372 silly addNameRange     '1.1.6',
372 silly addNameRange     '1.1.7',
372 silly addNameRange     '1.1.8',
372 silly addNameRange     '1.1.9',
372 silly addNameRange     '1.1.10',
372 silly addNameRange     '1.1.11',
372 silly addNameRange     '1.1.12',
372 silly addNameRange     '1.1.13',
372 silly addNameRange     '1.1.14',
372 silly addNameRange     '1.1.15',
372 silly addNameRange     '1.1.16',
372 silly addNameRange     '1.1.17',
372 silly addNameRange     '1.1.18',
372 silly addNameRange     '1.1.19',
372 silly addNameRange     '1.1.20',
372 silly addNameRange     '1.1.21',
372 silly addNameRange     '1.1.22',
372 silly addNameRange     '1.1.23',
372 silly addNameRange     '1.1.24',
372 silly addNameRange     '1.1.25',
372 silly addNameRange     '1.2.0',
372 silly addNameRange     '1.3.0',
372 silly addNameRange     '1.3.1',
372 silly addNameRange     '1.3.2',
372 silly addNameRange     '1.3.3',
372 silly addNameRange     '1.3.4',
372 silly addNameRange     '1.3.5',
372 silly addNameRange     '1.3.6',
372 silly addNameRange     '1.3.7',
372 silly addNameRange     '1.4.0',
372 silly addNameRange     '1.5.0',
372 silly addNameRange     '1.6.0',
372 silly addNameRange     '1.7.2',
372 silly addNameRange     '1.7.3',
372 silly addNameRange     '1.7.4',
372 silly addNameRange     '1.8.0',
372 silly addNameRange     '1.8.1',
372 silly addNameRange     '1.8.2',
372 silly addNameRange     '1.8.3',
372 silly addNameRange     '1.8.4',
372 silly addNameRange     '2.0.0',
372 silly addNameRange     '2.0.1',
372 silly addNameRange     '2.0.2',
372 silly addNameRange     '2.0.3',
372 silly addNameRange     '2.0.4',
372 silly addNameRange     '2.1.0',
372 silly addNameRange     '2.1.1',
372 silly addNameRange     '2.1.2',
372 silly addNameRange     '2.1.3',
372 silly addNameRange     '2.1.4',
372 silly addNameRange     '2.2.0',
372 silly addNameRange     '2.2.1',
372 silly addNameRange     '2.2.2',
372 silly addNameRange     '2.2.3',
372 silly addNameRange     '2.2.4',
372 silly addNameRange     '2.3.0',
372 silly addNameRange     '2.3.1',
372 silly addNameRange     '2.3.2',
372 silly addNameRange     '2.3.3',
372 silly addNameRange     '2.3.4',
372 silly addNameRange     '2.3.5',
372 silly addNameRange     '2.3.6',
372 silly addNameRange     '2.3.7',
372 silly addNameRange     '2.3.8',
372 silly addNameRange     '2.3.9',
372 silly addNameRange     '2.3.10',
372 silly addNameRange     '2.3.11',
372 silly addNameRange     '2.3.12',
372 silly addNameRange     '2.3.13',
372 silly addNameRange     '2.4.0',
372 silly addNameRange     '2.4.1',
372 silly addNameRange     '2.4.2',
372 silly addNameRange     ... 762 more items ] ]
373 silly addNamed mongoose@7.6.12
374 verbose addNamed "7.6.12" is a plain semver version for mongoose
375 silly mapToRegistry name mongoose
376 silly mapToRegistry using default registry
377 silly mapToRegistry registry https://registry.npmjs.org/
378 silly mapToRegistry uri https://registry.npmjs.org/mongoose
379 verbose addRemoteTarball https://registry.npmjs.org/mongoose/-/mongoose-7.6.12.tgz not in flight; adding
380 verbose addRemoteTarball [ 'https://registry.npmjs.org/mongoose/-/mongoose-7.6.12.tgz',
380 verbose addRemoteTarball   '5088c6d027b7dce7afe15292ae633897ccd20634' ]
381 silly fetchAndShaCheck shasum 5109449fda3dc03fb7d6bdf2cf91f97477081987
382 http fetch 200 https://registry.npmjs.org/@handlebars/allow-prototype-access/-/allow-prototype-access-1.0.5.tgz
383 info retry fetch attempt 1 at 10:54:47
384 info attempt registry request try #1 at 10:54:47
385 http fetch GET https://registry.npmjs.org/mongoose/-/mongoose-7.6.12.tgz
386 silly fetchAndShaCheck shasum 364384d1879765aad210a61becd849afab3954b3
387 verbose addTmpTarball /tmp/npm-27625-77734cc1/registry.npmjs.org/mysql2/-/mysql2-3.10.0.tgz not in flight; adding
388 verbose addTmpTarball already have metadata; skipping unpack for mysql2@3.10.0
389 verbose addTmpTarball /tmp/npm-27625-77734cc1/registry.npmjs.org/_40handlebars/allow-prototype-access/-/allow-prototype-access-1.0.5.tgz not in flight; adding
390 verbose addTmpTarball already have metadata; skipping unpack for @handlebars/allow-prototype-access@1.0.5
391 silly fetchAndShaCheck shasum 41c42c18b1be2365439188c77c6afae71c0cd9e9
392 silly cache afterAdd mysql2@3.10.0
393 verbose afterAdd /home/server1/.npm/mysql2/3.10.0/package/package.json not in flight; writing
394 silly cache afterAdd @handlebars/allow-prototype-access@1.0.5
395 verbose afterAdd /home/server1/.npm/@handlebars/allow-prototype-access/1.0.5/package/package.json not in flight; writing
396 verbose addTmpTarball /tmp/npm-27625-77734cc1/registry.npmjs.org/handlebars/-/handlebars-4.7.8.tgz not in flight; adding
397 verbose addTmpTarball already have metadata; skipping unpack for handlebars@4.7.8
398 verbose afterAdd /home/server1/.npm/mysql2/3.10.0/package/package.json written
399 verbose afterAdd /home/server1/.npm/@handlebars/allow-prototype-access/1.0.5/package/package.json written
400 http 200 https://registry.npmjs.org/sequelize
401 verbose headers { date: 'Sat, 01 Jun 2024 13:54:47 GMT',
401 verbose headers   'content-type': 'application/json',
401 verbose headers   'transfer-encoding': 'chunked',
401 verbose headers   connection: 'keep-alive',
401 verbose headers   'cf-ray': '88cfb294cc8bb528-SCL',
401 verbose headers   'cf-cache-status': 'HIT',
401 verbose headers   'access-control-allow-origin': '*',
401 verbose headers   age: '143',
401 verbose headers   'cache-control': 'public, max-age=300',
401 verbose headers   etag: 'W/"a51b4e60a9c32cfaaf540b38f69992c9"',
401 verbose headers   'last-modified': 'Sat, 13 Apr 2024 20:54:31 GMT',
401 verbose headers   vary: 'accept-encoding, accept',
401 verbose headers   server: 'cloudflare',
401 verbose headers   'content-encoding': 'gzip' }
402 silly get cb [ 200,
402 silly get   { date: 'Sat, 01 Jun 2024 13:54:47 GMT',
402 silly get     'content-type': 'application/json',
402 silly get     'transfer-encoding': 'chunked',
402 silly get     connection: 'keep-alive',
402 silly get     'cf-ray': '88cfb294cc8bb528-SCL',
402 silly get     'cf-cache-status': 'HIT',
402 silly get     'access-control-allow-origin': '*',
402 silly get     age: '143',
402 silly get     'cache-control': 'public, max-age=300',
402 silly get     etag: 'W/"a51b4e60a9c32cfaaf540b38f69992c9"',
402 silly get     'last-modified': 'Sat, 13 Apr 2024 20:54:31 GMT',
402 silly get     vary: 'accept-encoding, accept',
402 silly get     server: 'cloudflare',
402 silly get     'content-encoding': 'gzip' } ]
403 verbose get saving sequelize to /home/server1/.npm/registry.npmjs.org/sequelize/.cache.json
404 http fetch 200 https://registry.npmjs.org/mongoose/-/mongoose-7.6.12.tgz
405 http 200 https://registry.npmjs.org/node-emoji
406 verbose headers { date: 'Sat, 01 Jun 2024 13:54:47 GMT',
406 verbose headers   'content-type': 'application/json',
406 verbose headers   'transfer-encoding': 'chunked',
406 verbose headers   connection: 'keep-alive',
406 verbose headers   'cf-ray': '88cfb294dc48287d-SCL',
406 verbose headers   'cf-cache-status': 'REVALIDATED',
406 verbose headers   'access-control-allow-origin': '*',
406 verbose headers   'cache-control': 'public, max-age=300',
406 verbose headers   etag: 'W/"f4f9685dcf344f07137f30e42f6274a7"',
406 verbose headers   'last-modified': 'Fri, 19 Jan 2024 09:26:02 GMT',
406 verbose headers   vary: 'accept-encoding, accept',
406 verbose headers   server: 'cloudflare',
406 verbose headers   'content-encoding': 'gzip' }
407 silly get cb [ 200,
407 silly get   { date: 'Sat, 01 Jun 2024 13:54:47 GMT',
407 silly get     'content-type': 'application/json',
407 silly get     'transfer-encoding': 'chunked',
407 silly get     connection: 'keep-alive',
407 silly get     'cf-ray': '88cfb294dc48287d-SCL',
407 silly get     'cf-cache-status': 'REVALIDATED',
407 silly get     'access-control-allow-origin': '*',
407 silly get     'cache-control': 'public, max-age=300',
407 silly get     etag: 'W/"f4f9685dcf344f07137f30e42f6274a7"',
407 silly get     'last-modified': 'Fri, 19 Jan 2024 09:26:02 GMT',
407 silly get     vary: 'accept-encoding, accept',
407 silly get     server: 'cloudflare',
407 silly get     'content-encoding': 'gzip' } ]
408 verbose get saving node-emoji to /home/server1/.npm/registry.npmjs.org/node-emoji/.cache.json
409 verbose stack Error: Missing required argument #1
409 verbose stack     at andLogAndFinish (/usr/share/npm/lib/fetch-package-metadata.js:31:3)
409 verbose stack     at fetchPackageMetadata (/usr/share/npm/lib/fetch-package-metadata.js:51:22)
409 verbose stack     at resolveWithNewModule (/usr/share/npm/lib/install/deps.js:456:12)
409 verbose stack     at /usr/share/npm/lib/install/deps.js:457:7
409 verbose stack     at /usr/share/npm/node_modules/iferr/index.js:13:50
409 verbose stack     at /usr/share/npm/lib/fetch-package-metadata.js:37:12
409 verbose stack     at addRequestedAndFinish (/usr/share/npm/lib/fetch-package-metadata.js:82:5)
409 verbose stack     at returnAndAddMetadata (/usr/share/npm/lib/fetch-package-metadata.js:117:7)
409 verbose stack     at pickVersionFromRegistryDocument (/usr/share/npm/lib/fetch-package-metadata.js:134:20)
409 verbose stack     at /usr/share/npm/node_modules/iferr/index.js:13:50
410 verbose cwd /home/server1/RaffaApp/Gestion-Raffa/src
411 error Linux 4.15.0-213-generic
412 error argv "/usr/bin/node" "/usr/bin/npm" "i"
413 error node v8.10.0
414 error npm  v3.5.2
415 error code EMISSINGARG
416 error typeerror Error: Missing required argument #1
416 error typeerror     at andLogAndFinish (/usr/share/npm/lib/fetch-package-metadata.js:31:3)
416 error typeerror     at fetchPackageMetadata (/usr/share/npm/lib/fetch-package-metadata.js:51:22)
416 error typeerror     at resolveWithNewModule (/usr/share/npm/lib/install/deps.js:456:12)
416 error typeerror     at /usr/share/npm/lib/install/deps.js:457:7
416 error typeerror     at /usr/share/npm/node_modules/iferr/index.js:13:50
416 error typeerror     at /usr/share/npm/lib/fetch-package-metadata.js:37:12
416 error typeerror     at addRequestedAndFinish (/usr/share/npm/lib/fetch-package-metadata.js:82:5)
416 error typeerror     at returnAndAddMetadata (/usr/share/npm/lib/fetch-package-metadata.js:117:7)
416 error typeerror     at pickVersionFromRegistryDocument (/usr/share/npm/lib/fetch-package-metadata.js:134:20)
416 error typeerror     at /usr/share/npm/node_modules/iferr/index.js:13:50
417 error typeerror This is an error with npm itself. Please report this error at:
417 error typeerror     <http://github.com/npm/npm/issues>
418 verbose exit [ 1, true ]
